d:\users\brendan\desktop\dmu stuff\games programming year3\gamesprogrammingyear3\shaders\coursework\teapotad\teapotad\x64\debug\teapotad.pch
d:\users\brendan\desktop\dmu stuff\games programming year3\gamesprogrammingyear3\shaders\coursework\teapotad\teapotad\x64\debug\vc141.pdb
d:\users\brendan\desktop\dmu stuff\games programming year3\gamesprogrammingyear3\shaders\coursework\teapotad\teapotad\x64\debug\vc141.idb
d:\users\brendan\desktop\dmu stuff\games programming year3\gamesprogrammingyear3\shaders\coursework\teapotad\teapotad\x64\debug\stdafx.obj
d:\users\brendan\desktop\dmu stuff\games programming year3\gamesprogrammingyear3\shaders\coursework\teapotad\teapotad\x64\debug\bitmap.obj
d:\users\brendan\desktop\dmu stuff\games programming year3\gamesprogrammingyear3\shaders\coursework\teapotad\teapotad\x64\debug\cubemapscene.obj
d:\users\brendan\desktop\dmu stuff\games programming year3\gamesprogrammingyear3\shaders\coursework\teapotad\teapotad\x64\debug\drawable.obj
d:\users\brendan\desktop\dmu stuff\games programming year3\gamesprogrammingyear3\shaders\coursework\teapotad\teapotad\x64\debug\glslprogram.obj
d:\users\brendan\desktop\dmu stuff\games programming year3\gamesprogrammingyear3\shaders\coursework\teapotad\teapotad\x64\debug\glutils.obj
d:\users\brendan\desktop\dmu stuff\games programming year3\gamesprogrammingyear3\shaders\coursework\teapotad\teapotad\x64\debug\gl_core_4_3.obj
d:\users\brendan\desktop\dmu stuff\games programming year3\gamesprogrammingyear3\shaders\coursework\teapotad\teapotad\x64\debug\quatcamera.obj
d:\users\brendan\desktop\dmu stuff\games programming year3\gamesprogrammingyear3\shaders\coursework\teapotad\teapotad\x64\debug\scenediffuse.obj
d:\users\brendan\desktop\dmu stuff\games programming year3\gamesprogrammingyear3\shaders\coursework\teapotad\teapotad\x64\debug\teapotad.obj
d:\users\brendan\desktop\dmu stuff\games programming year3\gamesprogrammingyear3\shaders\coursework\teapotad\teapotad\x64\debug\texture.obj
d:\users\brendan\desktop\dmu stuff\games programming year3\gamesprogrammingyear3\shaders\coursework\teapotad\teapotad\x64\debug\vbocube.obj
d:\users\brendan\desktop\dmu stuff\games programming year3\gamesprogrammingyear3\shaders\coursework\teapotad\teapotad\x64\debug\vboplane.obj
d:\users\brendan\desktop\dmu stuff\games programming year3\gamesprogrammingyear3\shaders\coursework\teapotad\teapotad\x64\debug\vboteapot.obj
h:\gamesprogrammingyear3\shaders\coursework\teapotad\teapotad\x64\debug\teapotad.pch
h:\gamesprogrammingyear3\shaders\coursework\teapotad\teapotad\x64\debug\vc141.pdb
h:\gamesprogrammingyear3\shaders\coursework\teapotad\teapotad\x64\debug\vc141.idb
h:\gamesprogrammingyear3\shaders\coursework\teapotad\teapotad\x64\debug\stdafx.obj
h:\gamesprogrammingyear3\shaders\coursework\teapotad\teapotad\x64\debug\vboteapot.obj
h:\gamesprogrammingyear3\shaders\coursework\teapotad\teapotad\x64\debug\vboplane.obj
h:\gamesprogrammingyear3\shaders\coursework\teapotad\teapotad\x64\debug\vbocube.obj
h:\gamesprogrammingyear3\shaders\coursework\teapotad\teapotad\x64\debug\texture.obj
h:\gamesprogrammingyear3\shaders\coursework\teapotad\teapotad\x64\debug\teapotad.obj
h:\gamesprogrammingyear3\shaders\coursework\teapotad\teapotad\x64\debug\scenediffuse.obj
h:\gamesprogrammingyear3\shaders\coursework\teapotad\teapotad\x64\debug\quatcamera.obj
h:\gamesprogrammingyear3\shaders\coursework\teapotad\teapotad\x64\debug\gl_core_4_3.obj
h:\gamesprogrammingyear3\shaders\coursework\teapotad\teapotad\x64\debug\glutils.obj
h:\gamesprogrammingyear3\shaders\coursework\teapotad\teapotad\x64\debug\glslprogram.obj
h:\gamesprogrammingyear3\shaders\coursework\teapotad\teapotad\x64\debug\drawable.obj
h:\gamesprogrammingyear3\shaders\coursework\teapotad\teapotad\x64\debug\cubemapscene.obj
h:\gamesprogrammingyear3\shaders\coursework\teapotad\teapotad\x64\debug\bitmap.obj
d:\users\brendan\desktop\dmu stuff\games programming year3\gamesprogrammingyear3\shaders\coursework\teapotad\x64\debug\teapotad.ilk
d:\users\brendan\desktop\dmu stuff\games programming year3\gamesprogrammingyear3\shaders\coursework\teapotad\x64\debug\teapotad.exe
d:\users\brendan\desktop\dmu stuff\games programming year3\gamesprogrammingyear3\shaders\coursework\teapotad\x64\debug\teapotad.pdb
h:\gamesprogrammingyear3\shaders\coursework\teapotad\x64\debug\teapotad.ilk
h:\gamesprogrammingyear3\shaders\coursework\teapotad\x64\debug\teapotad.exe
h:\gamesprogrammingyear3\shaders\coursework\teapotad\x64\debug\teapotad.pdb
h:\gamesprogrammingyear3\shaders\coursework\teapotad\teapotad\x64\debug\teapotad.tlog\cl.read.1.tlog
h:\gamesprogrammingyear3\shaders\coursework\teapotad\teapotad\x64\debug\teapotad.tlog\cl.write.1.tlog
h:\gamesprogrammingyear3\shaders\coursework\teapotad\teapotad\x64\debug\teapotad.tlog\cl.command.1.tlog
h:\gamesprogrammingyear3\shaders\coursework\teapotad\teapotad\x64\debug\teapotad.tlog\link.command.1.tlog
h:\gamesprogrammingyear3\shaders\coursework\teapotad\teapotad\x64\debug\teapotad.tlog\link.read.1.tlog
h:\gamesprogrammingyear3\shaders\coursework\teapotad\teapotad\x64\debug\teapotad.tlog\link.write.1.tlog
