  model_loading.cpp
model_loading.obj : error LNK2019: unresolved external symbol gladLoadGLLoader referenced in function main
model_loading.obj : error LNK2019: unresolved external symbol glfwInit referenced in function main
model_loading.obj : error LNK2019: unresolved external symbol glfwTerminate referenced in function main
model_loading.obj : error LNK2019: unresolved external symbol glfwWindowHint referenced in function main
model_loading.obj : error LNK2019: unresolved external symbol glfwCreateWindow referenced in function main
model_loading.obj : error LNK2019: unresolved external symbol glfwWindowShouldClose referenced in function main
model_loading.obj : error LNK2019: unresolved external symbol glfwSetWindowShouldClose referenced in function "void __cdecl processInput(struct GLFWwindow *)" (?processInput@@YAXPEAUGLFWwindow@@@Z)
model_loading.obj : error LNK2019: unresolved external symbol glfwSetFramebufferSizeCallback referenced in function main
model_loading.obj : error LNK2019: unresolved external symbol glfwPollEvents referenced in function main
model_loading.obj : error LNK2019: unresolved external symbol glfwSetInputMode referenced in function main
model_loading.obj : error LNK2019: unresolved external symbol glfwGetKey referenced in function "void __cdecl processInput(struct GLFWwindow *)" (?processInput@@YAXPEAUGLFWwindow@@@Z)
model_loading.obj : error LNK2019: unresolved external symbol glfwSetCursorPosCallback referenced in function main
model_loading.obj : error LNK2019: unresolved external symbol glfwSetScrollCallback referenced in function main
model_loading.obj : error LNK2019: unresolved external symbol glfwGetTime referenced in function main
model_loading.obj : error LNK2019: unresolved external symbol glfwMakeContextCurrent referenced in function main
model_loading.obj : error LNK2019: unresolved external symbol glfwSwapBuffers referenced in function main
model_loading.obj : error LNK2019: unresolved external symbol glfwGetProcAddress referenced in function main
model_loading.obj : error LNK2019: unresolved external symbol stbi_load referenced in function "unsigned int __cdecl TextureFromFile(char const *,class std::basic_string<char,struct std::char_traits<char>,class std::allocator<char> > const &,bool)" (?TextureFromFile@@YAIPEBDAEBV?$basic_string@DU?$char_traits@D@std@@V?$allocator@D@2@@std@@_N@Z)
model_loading.obj : error LNK2019: unresolved external symbol stbi_image_free referenced in function "unsigned int __cdecl TextureFromFile(char const *,class std::basic_string<char,struct std::char_traits<char>,class std::allocator<char> > const &,bool)" (?TextureFromFile@@YAIPEBDAEBV?$basic_string@DU?$char_traits@D@std@@V?$allocator@D@2@@std@@_N@Z)
model_loading.obj : error LNK2019: unresolved external symbol "public: __cdecl Assimp::Importer::Importer(void)" (??0Importer@Assimp@@QEAA@XZ) referenced in function "private: void __cdecl Model::loadModel(class std::basic_string<char,struct std::char_traits<char>,class std::allocator<char> > const &)" (?loadModel@Model@@AEAAXAEBV?$basic_string@DU?$char_traits@D@std@@V?$allocator@D@2@@std@@@Z)
model_loading.obj : error LNK2019: unresolved external symbol "public: __cdecl Assimp::Importer::~Importer(void)" (??1Importer@Assimp@@QEAA@XZ) referenced in function "private: void __cdecl Model::loadModel(class std::basic_string<char,struct std::char_traits<char>,class std::allocator<char> > const &)" (?loadModel@Model@@AEAAXAEBV?$basic_string@DU?$char_traits@D@std@@V?$allocator@D@2@@std@@@Z)
model_loading.obj : error LNK2019: unresolved external symbol "public: struct aiScene const * __cdecl Assimp::Importer::ReadFile(char const *,unsigned int)" (?ReadFile@Importer@Assimp@@QEAAPEBUaiScene@@PEBDI@Z) referenced in function "public: struct aiScene const * __cdecl Assimp::Importer::ReadFile(class std::basic_string<char,struct std::char_traits<char>,class std::allocator<char> > const &,unsigned int)" (?ReadFile@Importer@Assimp@@QEAAPEBUaiScene@@AEBV?$basic_string@DU?$char_traits@D@std@@V?$allocator@D@2@@std@@I@Z)
model_loading.obj : error LNK2019: unresolved external symbol "public: char const * __cdecl Assimp::Importer::GetErrorString(void)const " (?GetErrorString@Importer@Assimp@@QEBAPEBDXZ) referenced in function "private: void __cdecl Model::loadModel(class std::basic_string<char,struct std::char_traits<char>,class std::allocator<char> > const &)" (?loadModel@Model@@AEAAXAEBV?$basic_string@DU?$char_traits@D@std@@V?$allocator@D@2@@std@@@Z)
model_loading.obj : error LNK2019: unresolved external symbol aiGetMaterialTextureCount referenced in function "public: unsigned int __cdecl aiMaterial::GetTextureCount(enum aiTextureType)const " (?GetTextureCount@aiMaterial@@QEBAIW4aiTextureType@@@Z)
model_loading.obj : error LNK2019: unresolved external symbol aiGetMaterialTexture referenced in function "public: enum aiReturn __cdecl aiMaterial::GetTexture(enum aiTextureType,unsigned int,struct aiString *,enum aiTextureMapping *,unsigned int *,float *,enum aiTextureOp *,enum aiTextureMapMode *)const " (?GetTexture@aiMaterial@@QEBA?AW4aiReturn@@W4aiTextureType@@IPEAUaiString@@PEAW4aiTextureMapping@@PEAIPEAMPEAW4aiTextureOp@@PEAW4aiTextureMapMode@@@Z)
model_loading.obj : error LNK2001: unresolved external symbol glad_glTexParameteri
model_loading.obj : error LNK2001: unresolved external symbol glad_glTexImage2D
model_loading.obj : error LNK2001: unresolved external symbol glad_glClear
model_loading.obj : error LNK2001: unresolved external symbol glad_glClearColor
model_loading.obj : error LNK2001: unresolved external symbol glad_glEnable
model_loading.obj : error LNK2001: unresolved external symbol glad_glViewport
model_loading.obj : error LNK2001: unresolved external symbol glad_glDrawElements
model_loading.obj : error LNK2001: unresolved external symbol glad_glBindTexture
model_loading.obj : error LNK2001: unresolved external symbol glad_glGenTextures
model_loading.obj : error LNK2001: unresolved external symbol glad_glActiveTexture
model_loading.obj : error LNK2001: unresolved external symbol glad_glBindBuffer
model_loading.obj : error LNK2001: unresolved external symbol glad_glGenBuffers
model_loading.obj : error LNK2001: unresolved external symbol glad_glBufferData
model_loading.obj : error LNK2001: unresolved external symbol glad_glAttachShader
model_loading.obj : error LNK2001: unresolved external symbol glad_glCompileShader
model_loading.obj : error LNK2001: unresolved external symbol glad_glCreateProgram
model_loading.obj : error LNK2001: unresolved external symbol glad_glCreateShader
model_loading.obj : error LNK2001: unresolved external symbol glad_glDeleteShader
model_loading.obj : error LNK2001: unresolved external symbol glad_glEnableVertexAttribArray
model_loading.obj : error LNK2001: unresolved external symbol glad_glGetProgramiv
model_loading.obj : error LNK2001: unresolved external symbol glad_glGetProgramInfoLog
model_loading.obj : error LNK2001: unresolved external symbol glad_glGetShaderiv
model_loading.obj : error LNK2001: unresolved external symbol glad_glGetShaderInfoLog
model_loading.obj : error LNK2001: unresolved external symbol glad_glGetUniformLocation
model_loading.obj : error LNK2001: unresolved external symbol glad_glLinkProgram
model_loading.obj : error LNK2001: unresolved external symbol glad_glShaderSource
model_loading.obj : error LNK2001: unresolved external symbol glad_glUseProgram
model_loading.obj : error LNK2001: unresolved external symbol glad_glUniform1i
model_loading.obj : error LNK2001: unresolved external symbol glad_glUniformMatrix4fv
model_loading.obj : error LNK2001: unresolved external symbol glad_glVertexAttribPointer
model_loading.obj : error LNK2001: unresolved external symbol glad_glGenerateMipmap
model_loading.obj : error LNK2001: unresolved external symbol glad_glBindVertexArray
model_loading.obj : error LNK2001: unresolved external symbol glad_glGenVertexArrays
lib\assimp.lib : warning LNK4272: library machine type 'x86' conflicts with target machine type 'x64'
lib\GLAD.lib : warning LNK4272: library machine type 'x86' conflicts with target machine type 'x64'
lib\glew32s.lib : warning LNK4272: library machine type 'x86' conflicts with target machine type 'x64'
lib\glfw3.lib : warning LNK4272: library machine type 'x86' conflicts with target machine type 'x64'
lib\SOIL.lib : warning LNK4272: library machine type 'x86' conflicts with target machine type 'x64'
lib\STB_IMAGE.lib : warning LNK4272: library machine type 'x86' conflicts with target machine type 'x64'
H:\gamesProgrammingYear3\Advanced Shaders\Assignment\x64\Debug\Advanced Shaders Final Project.exe : fatal error LNK1120: 58 unresolved externals
