  WorldObjects.cpp
d:\users\brendan\desktop\dmu stuff\university-projects\year 3 games programming\final-year-project\3rdyearprojectgame\src\worldobjects.cpp(96): warning C4244: 'argument': conversion from 'const int' to 'float', possible loss of data
d:\users\brendan\desktop\dmu stuff\university-projects\year 3 games programming\final-year-project\3rdyearprojectgame\src\worldobjects.cpp(99): warning C4244: 'argument': conversion from 'const int' to 'float', possible loss of data
d:\users\brendan\desktop\dmu stuff\university-projects\year 3 games programming\final-year-project\3rdyearprojectgame\src\worldobjects.cpp(256): warning C4244: 'argument': conversion from 'int' to 'float', possible loss of data
d:\users\brendan\desktop\dmu stuff\university-projects\year 3 games programming\final-year-project\3rdyearprojectgame\src\worldobjects.cpp(270): warning C4244: 'argument': conversion from 'int' to 'float', possible loss of data
d:\users\brendan\desktop\dmu stuff\university-projects\year 3 games programming\final-year-project\3rdyearprojectgame\src\worldobjects.cpp(283): warning C4244: 'argument': conversion from 'int' to 'float', possible loss of data
d:\users\brendan\desktop\dmu stuff\university-projects\year 3 games programming\final-year-project\3rdyearprojectgame\src\worldobjects.cpp(296): warning C4244: 'argument': conversion from 'int' to 'float', possible loss of data
d:\users\brendan\desktop\dmu stuff\university-projects\year 3 games programming\final-year-project\3rdyearprojectgame\src\worldobjects.cpp(309): warning C4244: 'argument': conversion from 'int' to 'float', possible loss of data
d:\users\brendan\desktop\dmu stuff\university-projects\year 3 games programming\final-year-project\3rdyearprojectgame\src\worldobjects.cpp(322): warning C4244: 'argument': conversion from 'int' to 'float', possible loss of data
d:\users\brendan\desktop\dmu stuff\university-projects\year 3 games programming\final-year-project\3rdyearprojectgame\src\worldobjects.cpp(336): warning C4244: 'argument': conversion from 'int' to 'float', possible loss of data
d:\users\brendan\desktop\dmu stuff\university-projects\year 3 games programming\final-year-project\3rdyearprojectgame\src\worldobjects.cpp(349): warning C4244: 'argument': conversion from 'int' to 'float', possible loss of data
d:\users\brendan\desktop\dmu stuff\university-projects\year 3 games programming\final-year-project\3rdyearprojectgame\src\worldobjects.cpp(362): warning C4244: 'argument': conversion from 'int' to 'float', possible loss of data
d:\users\brendan\desktop\dmu stuff\university-projects\year 3 games programming\final-year-project\3rdyearprojectgame\src\worldobjects.cpp(376): warning C4244: 'argument': conversion from 'int' to 'float', possible loss of data
d:\users\brendan\desktop\dmu stuff\university-projects\year 3 games programming\final-year-project\3rdyearprojectgame\src\worldobjects.cpp(389): warning C4244: 'argument': conversion from 'int' to 'float', possible loss of data
d:\users\brendan\desktop\dmu stuff\university-projects\year 3 games programming\final-year-project\3rdyearprojectgame\src\worldobjects.cpp(402): warning C4244: 'argument': conversion from 'int' to 'float', possible loss of data
d:\users\brendan\desktop\dmu stuff\university-projects\year 3 games programming\final-year-project\3rdyearprojectgame\src\worldobjects.cpp(415): warning C4244: 'argument': conversion from 'int' to 'float', possible loss of data
d:\users\brendan\desktop\dmu stuff\university-projects\year 3 games programming\final-year-project\3rdyearprojectgame\src\worldobjects.cpp(428): warning C4244: 'argument': conversion from 'int' to 'float', possible loss of data
d:\users\brendan\desktop\dmu stuff\university-projects\year 3 games programming\final-year-project\3rdyearprojectgame\src\worldobjects.cpp(441): warning C4244: 'argument': conversion from 'int' to 'float', possible loss of data
d:\users\brendan\desktop\dmu stuff\university-projects\year 3 games programming\final-year-project\3rdyearprojectgame\src\worldobjects.cpp(454): warning C4244: 'argument': conversion from 'int' to 'float', possible loss of data
d:\users\brendan\desktop\dmu stuff\university-projects\year 3 games programming\final-year-project\3rdyearprojectgame\src\worldobjects.cpp(467): warning C4244: 'argument': conversion from 'int' to 'float', possible loss of data
d:\users\brendan\desktop\dmu stuff\university-projects\year 3 games programming\final-year-project\3rdyearprojectgame\src\worldobjects.cpp(480): warning C4244: 'argument': conversion from 'int' to 'float', possible loss of data
d:\users\brendan\desktop\dmu stuff\university-projects\year 3 games programming\final-year-project\3rdyearprojectgame\src\worldobjects.cpp(493): warning C4244: 'argument': conversion from 'int' to 'float', possible loss of data
  VolcanoScene.cpp
  TriggerObjects.cpp
d:\users\brendan\desktop\dmu stuff\university-projects\year 3 games programming\final-year-project\3rdyearprojectgame\src\triggerobjects.cpp(57): warning C4244: 'argument': conversion from 'const int' to 'float', possible loss of data
d:\users\brendan\desktop\dmu stuff\university-projects\year 3 games programming\final-year-project\3rdyearprojectgame\src\triggerobjects.cpp(57): warning C4244: 'argument': conversion from 'int' to 'float', possible loss of data
d:\users\brendan\desktop\dmu stuff\university-projects\year 3 games programming\final-year-project\3rdyearprojectgame\src\triggerobjects.cpp(61): warning C4244: 'argument': conversion from 'const int' to 'float', possible loss of data
d:\users\brendan\desktop\dmu stuff\university-projects\year 3 games programming\final-year-project\3rdyearprojectgame\src\triggerobjects.cpp(61): warning C4244: 'argument': conversion from 'int' to 'float', possible loss of data
  TransitionComponent.cpp
  TownScene.cpp
  SpriteComponents.cpp
d:\users\brendan\desktop\dmu stuff\university-projects\year 3 games programming\final-year-project\3rdyearprojectgame\src\spritecomponents.cpp(159): warning C4244: '=': conversion from 'double' to 'int', possible loss of data
d:\users\brendan\desktop\dmu stuff\university-projects\year 3 games programming\final-year-project\3rdyearprojectgame\src\spritecomponents.cpp(220): warning C4244: '=': conversion from 'double' to 'int', possible loss of data
d:\users\brendan\desktop\dmu stuff\university-projects\year 3 games programming\final-year-project\3rdyearprojectgame\src\spritecomponents.cpp(243): warning C4244: '=': conversion from 'double' to 'int', possible loss of data
  ForestScene.cpp
  Scene.cpp
  ImageManager.cpp
  PlayerObject.cpp
d:\users\brendan\desktop\dmu stuff\university-projects\year 3 games programming\final-year-project\3rdyearprojectgame\src\playerobject.cpp(15): warning C4244: 'argument': conversion from 'int' to 'float', possible loss of data
d:\users\brendan\desktop\dmu stuff\university-projects\year 3 games programming\final-year-project\3rdyearprojectgame\src\playerobject.cpp(21): warning C4244: 'argument': conversion from 'int' to 'float', possible loss of data
  MapTileObject.cpp
d:\users\brendan\desktop\dmu stuff\university-projects\year 3 games programming\final-year-project\3rdyearprojectgame\src\maptileobject.cpp(16): warning C4244: 'initializing': conversion from 'double' to 'int', possible loss of data
d:\users\brendan\desktop\dmu stuff\university-projects\year 3 games programming\final-year-project\3rdyearprojectgame\src\maptileobject.cpp(17): warning C4244: 'argument': conversion from 'int' to 'float', possible loss of data
  jsoncpp.cpp
d:\users\brendan\desktop\dmu stuff\university-projects\year 3 games programming\final-year-project\3rdyearprojectgame\src\jsoncpp.cpp(1018): warning C4018: '>': signed/unsigned mismatch
d:\users\brendan\desktop\dmu stuff\university-projects\year 3 games programming\final-year-project\3rdyearprojectgame\src\jsoncpp.cpp(1034): warning C4018: '>': signed/unsigned mismatch
d:\users\brendan\desktop\dmu stuff\university-projects\year 3 games programming\final-year-project\3rdyearprojectgame\src\jsoncpp.cpp(1035): warning C4018: '>': signed/unsigned mismatch
  InputHandler.cpp
  InputCommands.cpp
  IceScene.cpp
  GraveyardScene.cpp
  Game.cpp
d:\users\brendan\desktop\dmu stuff\university-projects\year 3 games programming\final-year-project\3rdyearprojectgame\src\game.cpp(43): warning C4244: 'argument': conversion from 'const int' to 'float', possible loss of data
  Engine.cpp
d:\users\brendan\desktop\dmu stuff\university-projects\year 3 games programming\final-year-project\3rdyearprojectgame\src\engine.cpp(34): warning C4244: 'argument': conversion from 'double' to 'float', possible loss of data
  customJsonWriter.cpp
  CollisionManager.cpp
  Generating Code...
  Compiling...
  CollisionComponent.cpp
  BackgroundObject.cpp
  Main.cpp
  Generating Code...
  3rdYearProjectGame.vcxproj -> D:\Users\Brendan\Desktop\Dmu stuff\University-Projects\Year 3 Games Programming\Final-Year-Project\Debug\3rdYearProjectGame.exe
  3rdYearProjectGame.vcxproj -> D:\Users\Brendan\Desktop\Dmu stuff\University-Projects\Year 3 Games Programming\Final-Year-Project\Debug\3rdYearProjectGame.pdb (Partial PDB)

Project Performance Summary:
    19717 ms  D:\Users\Brendan\Desktop\Dmu stuff\University-Projects\Year 3 Games Programming\Final-Year-Project\3rdYearProjectGame\3rdYearProjectGame.vcxproj   1 calls
              19717 ms  Build                                      1 calls

Target Performance Summary:
        0 ms  AfterBuild                                 1 calls
        0 ms  _ClCompile                                 1 calls
        0 ms  Build                                      1 calls
        0 ms  GetReferenceAssemblyPaths                  1 calls
        0 ms  CreateCustomManifestResourceNames          1 calls
        0 ms  ComputeLinkInputsFromProject               1 calls
        0 ms  _ResourceCompile                           1 calls
        0 ms  ResolveAssemblyReferences                  1 calls
        0 ms  BeforeLink                                 1 calls
        0 ms  ComputeCLInputPDBName                      1 calls
        0 ms  AfterBuildCompileEvent                     1 calls
        0 ms  ComputeManifestInputsTargets               1 calls
        0 ms  GetCopyToOutputDirectoryItems              1 calls
        0 ms  _BuildLinkAction                           1 calls
        0 ms  BeforeResourceCompile                      1 calls
        0 ms  AfterMidl                                  1 calls
        0 ms  PreLinkEvent                               1 calls
        0 ms  _Deploy                                    1 calls
        0 ms  SelectCustomBuild                          1 calls
        0 ms  _PrepareForReferenceResolution             1 calls
        0 ms  _Midl                                      1 calls
        0 ms  PrepareProjectReferences                   1 calls
        0 ms  CreateSatelliteAssemblies                  1 calls
        0 ms  CopyFilesToOutputDirectory                 1 calls
        0 ms  BuildLinkTraverse                          1 calls
        0 ms  _Link                                      1 calls
        0 ms  ExpandSDKReferences                        1 calls
        0 ms  BuildCompileTraverse                       1 calls
        0 ms  MakeDirsForCl                              1 calls
        0 ms  AfterBuildGenerateSources                  1 calls
        0 ms  ComputeCLCompileGeneratedXDCFiles          1 calls
        0 ms  ComputeManifestGeneratedLinkerInputs       1 calls
        0 ms  ResolveReferences                          1 calls
        0 ms  SelectClCompile                            1 calls
        0 ms  GetCopyToOutputDirectoryXamlAppDefs        1 calls
        0 ms  _CheckForCompileOutputs                    1 calls
        0 ms  GetResolvedWinMD                           1 calls
        0 ms  _Manifest                                  1 calls
        0 ms  _SelectedFiles                             1 calls
        0 ms  PostBuildEvent                             1 calls
        0 ms  _XdcMake                                   1 calls
        0 ms  MakeDirsForLink                            1 calls
        0 ms  BeforeBuildGenerateSources                 1 calls
        0 ms  _BscMake                                   1 calls
        0 ms  AfterResourceCompile                       1 calls
        0 ms  _Appverifier                               1 calls
        0 ms  RegisterOutput                             1 calls
        0 ms  _BuildGenerateSourcesAction                1 calls
        0 ms  BuildLink                                  1 calls
        0 ms  ComputeCLCompileGeneratedSbrFiles          1 calls
        0 ms  GetFrameworkPaths                          1 calls
        0 ms  _ALink                                     1 calls
        0 ms  Desktop_PlatformPrepareForBuild            1 calls
        0 ms  ComputeLinkImportLibraryOutputsForClean    1 calls
        0 ms  _CopySourceItemsToOutputDirectory          1 calls
        0 ms  _SplitProjectReferencesByFileExistence     1 calls
        0 ms  BuildGenerateSourcesTraverse               1 calls
        0 ms  AssignTargetPaths                          1 calls
        0 ms  ComputeLegacyManifestEmbedding             1 calls
        0 ms  BuildGenerateSources                       1 calls
        0 ms  MakeDirsForMidl                            1 calls
        0 ms  _GenerateSatelliteAssemblyInputs           1 calls
        0 ms  PreBuildEvent                              1 calls
        0 ms  ComputeReferenceCLInput                    1 calls
        0 ms  AfterClCompile                             1 calls
        0 ms  ResolvedXDCMake                            1 calls
        0 ms  PlatformPrepareForBuild                    1 calls
        0 ms  MakeDirsForXdcMake                         1 calls
        0 ms  GetInstalledSDKLocations                   1 calls
        0 ms  _BuildCompileAction                        1 calls
        0 ms  ComputeLinkSwitches                        1 calls
        0 ms  BuildCompile                               1 calls
        0 ms  ComputeRCGeneratedLinkInputs               1 calls
        0 ms  MakeDirsForBscMake                         1 calls
        0 ms  AfterLink                                  1 calls
        0 ms  PrepareResourceNames                       1 calls
        0 ms  AfterBuildGenerateSourcesEvent             1 calls
        0 ms  BeforeClCompile                            1 calls
        0 ms  ComputeCustomBuildOutput                   1 calls
        0 ms  AfterResolveReferences                     1 calls
        0 ms  BeforeResolveReferences                    1 calls
        0 ms  _Xsd                                       1 calls
        0 ms  PrepareForRun                              1 calls
        0 ms  ComputeRCOutputs                           1 calls
        1 ms  _PrepareForBuild                           1 calls
        1 ms  ComputeMIDLGeneratedCompileInputs          1 calls
        1 ms  ComputeCLGeneratedLinkInputs               1 calls
        1 ms  _GetProjectReferenceTargetFrameworkProperties   1 calls
        1 ms  ResolveSDKReferences                       1 calls
        1 ms  DoLinkOutputFilesMatch                     1 calls
        1 ms  MakeDirsForResourceCompile                 1 calls
        1 ms  ComputeCLOutputs                           1 calls
        1 ms  FixupCLCompileOptions                      1 calls
        1 ms  FinalizeBuildStatus                        1 calls
        1 ms  SplitResourcesByCulture                    1 calls
        2 ms  AssignProjectConfiguration                 1 calls
        3 ms  WarnCompileDuplicatedFilename              1 calls
        3 ms  PrepareForBuild                            1 calls
        5 ms  SetBuildDefaultEnvironmentVariables        1 calls
        6 ms  InitializeBuildStatus                      1 calls
       13 ms  _CheckForInvalidConfigurationAndPlatform   1 calls
       14 ms  ResolveProjectReferences                   1 calls
      187 ms  SetCABuildNativeEnvironmentVariables       1 calls
      879 ms  Link                                       1 calls
    18588 ms  ClCompile                                  1 calls
