d:\users\brendan\desktop\dmu stuff\games programming year3\gamesprogrammingyear3\final year project\adventure game\final-year-project\3rdyearprojectgame\debug\vc141.pdb
d:\users\brendan\desktop\dmu stuff\games programming year3\gamesprogrammingyear3\final year project\adventure game\final-year-project\3rdyearprojectgame\debug\vc141.idb
d:\users\brendan\desktop\dmu stuff\games programming year3\gamesprogrammingyear3\final year project\adventure game\final-year-project\3rdyearprojectgame\debug\main.obj
d:\users\brendan\desktop\dmu stuff\games programming year3\gamesprogrammingyear3\final year project\adventure game\final-year-project\3rdyearprojectgame\debug\backgroundobject.obj
d:\users\brendan\desktop\dmu stuff\games programming year3\gamesprogrammingyear3\final year project\adventure game\final-year-project\3rdyearprojectgame\debug\collisioncomponent.obj
d:\users\brendan\desktop\dmu stuff\games programming year3\gamesprogrammingyear3\final year project\adventure game\final-year-project\3rdyearprojectgame\debug\collisionmanager.obj
d:\users\brendan\desktop\dmu stuff\games programming year3\gamesprogrammingyear3\final year project\adventure game\final-year-project\3rdyearprojectgame\debug\customjsonwriter.obj
d:\users\brendan\desktop\dmu stuff\games programming year3\gamesprogrammingyear3\final year project\adventure game\final-year-project\3rdyearprojectgame\debug\engine.obj
d:\users\brendan\desktop\dmu stuff\games programming year3\gamesprogrammingyear3\final year project\adventure game\final-year-project\3rdyearprojectgame\debug\game.obj
d:\users\brendan\desktop\dmu stuff\games programming year3\gamesprogrammingyear3\final year project\adventure game\final-year-project\3rdyearprojectgame\debug\inputcommands.obj
d:\users\brendan\desktop\dmu stuff\games programming year3\gamesprogrammingyear3\final year project\adventure game\final-year-project\3rdyearprojectgame\debug\inputhandler.obj
d:\users\brendan\desktop\dmu stuff\games programming year3\gamesprogrammingyear3\final year project\adventure game\final-year-project\3rdyearprojectgame\debug\jsoncpp.obj
d:\users\brendan\desktop\dmu stuff\games programming year3\gamesprogrammingyear3\final year project\adventure game\final-year-project\3rdyearprojectgame\debug\maptileobject.obj
d:\users\brendan\desktop\dmu stuff\games programming year3\gamesprogrammingyear3\final year project\adventure game\final-year-project\3rdyearprojectgame\debug\playerobject.obj
d:\users\brendan\desktop\dmu stuff\games programming year3\gamesprogrammingyear3\final year project\adventure game\final-year-project\3rdyearprojectgame\debug\imagemanager.obj
d:\users\brendan\desktop\dmu stuff\games programming year3\gamesprogrammingyear3\final year project\adventure game\final-year-project\3rdyearprojectgame\debug\splashscene.obj
d:\users\brendan\desktop\dmu stuff\games programming year3\gamesprogrammingyear3\final year project\adventure game\final-year-project\3rdyearprojectgame\debug\spritecomponents.obj
d:\users\brendan\desktop\dmu stuff\games programming year3\gamesprogrammingyear3\final year project\adventure game\final-year-project\3rdyearprojectgame\debug\worldobjects.obj
d:\users\brendan\desktop\dmu stuff\games programming year3\gamesprogrammingyear3\final year project\adventure game\final-year-project\debug\3rdyearprojectgame.ilk
d:\users\brendan\desktop\dmu stuff\games programming year3\gamesprogrammingyear3\final year project\adventure game\final-year-project\debug\3rdyearprojectgame.exe
d:\users\brendan\desktop\dmu stuff\games programming year3\gamesprogrammingyear3\final year project\adventure game\final-year-project\debug\3rdyearprojectgame.pdb
d:\users\brendan\desktop\dmu stuff\games programming year3\gamesprogrammingyear3\final year project\adventure game\final-year-project\3rdyearprojectgame\debug\spritecomponent.obj
d:\users\brendan\desktop\dmu stuff\games programming year3\gamesprogrammingyear3\final year project\adventure game\final-year-project\3rdyearprojectgame\debug\collisionmanager.obj.enc
d:\users\brendan\desktop\dmu stuff\games programming year3\gamesprogrammingyear3\final year project\adventure game\final-year-project\3rdyearprojectgame\debug\playerobject.obj.enc
d:\users\brendan\desktop\dmu stuff\games programming year3\gamesprogrammingyear3\final year project\adventure game\final-year-project\3rdyearprojectgame\debug\3rdyearp.cdf4a345.tlog\cl.command.1.tlog
d:\users\brendan\desktop\dmu stuff\games programming year3\gamesprogrammingyear3\final year project\adventure game\final-year-project\3rdyearprojectgame\debug\3rdyearp.cdf4a345.tlog\cl.read.1.tlog
d:\users\brendan\desktop\dmu stuff\games programming year3\gamesprogrammingyear3\final year project\adventure game\final-year-project\3rdyearprojectgame\debug\3rdyearp.cdf4a345.tlog\cl.write.1.tlog
d:\users\brendan\desktop\dmu stuff\games programming year3\gamesprogrammingyear3\final year project\adventure game\final-year-project\3rdyearprojectgame\debug\3rdyearp.cdf4a345.tlog\link.command.1.tlog
d:\users\brendan\desktop\dmu stuff\games programming year3\gamesprogrammingyear3\final year project\adventure game\final-year-project\3rdyearprojectgame\debug\3rdyearp.cdf4a345.tlog\link.read.1.tlog
d:\users\brendan\desktop\dmu stuff\games programming year3\gamesprogrammingyear3\final year project\adventure game\final-year-project\3rdyearprojectgame\debug\3rdyearp.cdf4a345.tlog\link.write.1.tlog
